[2017-04-15 20:01:44.408] [TRACE] demo - Some debug messages
[2017-04-15 20:01:44.411] [INFO] demo - Some debug messages
[2017-04-15 20:01:44.411] [DEBUG] demo - Some debug messages
[2017-04-15 20:01:44.412] [WARN] demo - Some debug messages
[2017-04-15 20:01:44.412] [ERROR] demo - Some debug messages
[2017-04-15 20:01:44.412] [FATAL] demo - Some debug messages
[2017-04-15 20:18:47.127] [TRACE] demo - Some debug messages
[2017-04-15 20:18:47.130] [INFO] demo - Some debug messages
[2017-04-15 20:18:47.130] [DEBUG] demo - Some debug messages
[2017-04-15 20:18:47.130] [WARN] demo - Some debug messages
[2017-04-15 20:18:47.131] [ERROR] demo - Some debug messages
[2017-04-15 20:18:47.131] [FATAL] demo - Some debug messages
[2017-04-15 20:19:11.643] [TRACE] demo - Some debug messages
[2017-04-15 20:19:11.648] [INFO] demo - Some debug messages
[2017-04-15 20:19:11.648] [DEBUG] demo - Some debug messages
[2017-04-15 20:19:11.648] [WARN] demo - Some debug messages
[2017-04-15 20:19:11.648] [ERROR] demo - Some debug messages
[2017-04-15 20:19:11.648] [FATAL] demo - Some debug messages
[2017-04-15 20:20:02.213] [TRACE] demo - Some debug messages
[2017-04-15 20:20:02.216] [INFO] demo - Some debug messages
[2017-04-15 20:20:02.217] [DEBUG] demo - Some debug messages
[2017-04-15 20:20:02.217] [WARN] demo - Some debug messages
[2017-04-15 20:20:02.217] [ERROR] demo - Some debug messages
[2017-04-15 20:20:02.217] [FATAL] demo - Some debug messages
